[23:04:19] [main/INFO] (Launcher) ModLauncher running: args [--launchTarget, forgeclientdev, --version, 21.1.187, --assetIndex, 1.21.1-17, --assetsDir, /home/alexey/.gradle/caches/fabric-loom/assets, --gameDir, ., --fml.fmlVersion, 4.0.41, --fml.mcVersion, 1.21.1, --fml.neoForgeVersion, 21.1.187, --fml.neoFormVersion, 20240808.144430]
[23:04:19] [main/INFO] (Launcher) JVM identified as JetBrains s.r.o. OpenJDK 64-Bit Server VM 21.0.8+9-b1038.68
[23:04:19] [main/INFO] (Launcher) ModLauncher 11.0.5+main.901c6ea8 starting: java version 21.0.8 by JetBrains s.r.o.; OS Linux arch amd64 version 6.15.7-200.fc42.x86_64
[23:04:20] [main/INFO] (ImmediateWindowHandler) Loading ImmediateWindowProvider fmlearlywindow
[23:04:20] [main/INFO] (EARLYDISPLAY) Trying GL version 4.6
[23:04:20] [main/INFO] (EARLYDISPLAY) Requested GL version 4.6 got version 4.6
[23:04:20] [main/INFO] (mixin) SpongePowered MIXIN Subsystem Version=0.8.7 Source=union:/home/alexey/.gradle/caches/modules-2/files-2.1/net.fabricmc/sponge-mixin/0.15.2+mixin.0.8.7/2af2f021d8e02a0220dc27a7a72b4666d66d44ca/sponge-mixin-0.15.2+mixin.0.8.7.jar%23109!/ Service=ModLauncher Env=CLIENT
[23:04:20] [main/INFO] (ModDiscoverer) Found mod file "neoforge-21.1.187-minecraft-merged-1.21.1-loom.mappings.1_21_1.layered+hash.477322616-v2-neoforge-21.1.187.jar" [locator: neoforge devenv provider ([/home/alexey/.gradle/caches/fabric-loom/minecraftMaven/net/minecraft/neoforge-21.1.187-minecraft-merged/1.21.1-loom.mappings.1_21_1.layered+hash.477322616-v2-neoforge-21.1.187/neoforge-21.1.187-minecraft-merged-1.21.1-loom.mappings.1_21_1.layered+hash.477322616-v2-neoforge-21.1.187.jar])]
[23:04:20] [main/INFO] (ModDiscoverer) Found mod file "neoforge-21.1.187-minecraft-merged-1.21.1-loom.mappings.1_21_1.layered+hash.477322616-v2-neoforge-21.1.187.jar" [locator: neoforge devenv provider ([/home/alexey/.gradle/caches/fabric-loom/minecraftMaven/net/minecraft/neoforge-21.1.187-minecraft-merged/1.21.1-loom.mappings.1_21_1.layered+hash.477322616-v2-neoforge-21.1.187/neoforge-21.1.187-minecraft-merged-1.21.1-loom.mappings.1_21_1.layered+hash.477322616-v2-neoforge-21.1.187.jar])]
[23:04:20] [main/INFO] (ModDiscoverer) Found mod file "main" [locator: userdev mods and services, reader: mod manifest]
[23:04:20] [main/INFO] (ModDiscoverer) Found mod file "neoforge-21.1.187-minecraft-merged-1.21.1-loom.mappings.1_21_1.layered+hash.477322616-v2-neoforge-21.1.187.jar" [locator: userdev mods and services, reader: mod manifest]
[23:04:20] [main/INFO] (ModDiscoverer) Found mod file "17930842418912152500.jar" [locator: userdev mods and services, reader: mod manifest]
[23:04:20] [main/INFO] (ModDiscoverer) Found gamelibrary file "mixinextras-neoforge-0.4.1.jar" [locator: userdev mods and services, reader: mod manifest]
[23:04:20] [pool-5-thread-1/INFO] (EARLYDISPLAY) GL info: NVIDIA GeForce RTX 4070 Ti SUPER/PCIe/SSE2 GL version 4.6.0 NVIDIA 575.64.03, NVIDIA Corporation
[23:04:20] [main/WARN] (JarSelector) Attempted to select a dependency jar for JarJar which was passed in as source: library:mixinextras.neoforge. Using Mod File: /home/alexey/.gradle/caches/modules-2/files-2.1/io.github.llamalad7/mixinextras-neoforge/0.4.1/eff97772ecd0dcf8e52cdbafd3b3ccec425f8314/mixinextras-neoforge-0.4.1.jar
[23:04:20] [main/INFO] (JarInJarDependencyLocator) Found 1 dependencies adding them to mods collection
[23:04:20] [main/INFO] (ModDiscoverer) Found library file "net.neoforged.neoforge-coremods-21.1.187.jar" [parent: neoforge-21.1.187-minecraft-merged-1.21.1-loom.mappings.1_21_1.layered+hash.477322616-v2-neoforge-21.1.187.jar, locator: jarinjar, reader: mod manifest]
[23:04:20] [main/INFO] (ModDiscoverer) 
     Mod List:
		Name Version (Mod Id)

		generated_ac41dfa 1 (generated_ac41dfa)
		Minecraft 1.21.1 (minecraft)
		NeoForge 21.1.187 (neoforge)
		RoadArchitect 1.1.0 (roadarchitect)
[23:04:20] [main/INFO] (mixin) Compatibility level set to JAVA_21
[23:04:20] [main/INFO] (LaunchServiceHandler) Launching target 'forgeclientdev' with arguments [--version, 21.1.187, --gameDir, ., --assetsDir, /home/alexey/.gradle/caches/fabric-loom/assets, --assetIndex, 1.21.1-17]
[23:04:20] [main/INFO] (unprotect) Found 8262 Minecraft classes
[15авг.2025 23:04:21.476] [Datafixer Bootstrap/INFO] [com.mojang.datafixers.DataFixerBuilder/]: 229 Datafixer optimizations took 117 milliseconds
[15авг.2025 23:04:22.436] [pool-11-thread-1/INFO] [MixinExtras|Service/]: Initializing MixinExtras via com.llamalad7.mixinextras.service.MixinExtrasServiceImpl(version=0.4.1).
[15авг.2025 23:04:24.908] [main/WARN] [net.minecraft.server.command.CommandManager/]: Ambiguity between arguments [teleport, location] and [teleport, destination] with inputs: [0.1 -0.5 .9, 0 0 0]
[15авг.2025 23:04:24.908] [main/WARN] [net.minecraft.server.command.CommandManager/]: Ambiguity between arguments [teleport, location] and [teleport, targets] with inputs: [0.1 -0.5 .9, 0 0 0]
[15авг.2025 23:04:24.910] [main/WARN] [net.minecraft.server.command.CommandManager/]: Ambiguity between arguments [teleport, destination] and [teleport, targets] with inputs: [Player, 0123, @e, dd12be42-52a9-4a91-a8a1-11c01849e498]
[15авг.2025 23:04:24.910] [main/WARN] [net.minecraft.server.command.CommandManager/]: Ambiguity between arguments [teleport, targets] and [teleport, destination] with inputs: [Player, 0123, dd12be42-52a9-4a91-a8a1-11c01849e498]
[15авг.2025 23:04:24.911] [main/WARN] [net.minecraft.server.command.CommandManager/]: Ambiguity between arguments [teleport, targets, location] and [teleport, targets, destination] with inputs: [0.1 -0.5 .9, 0 0 0]
[15авг.2025 23:04:24.972] [Render thread/WARN] [net.minecraft.resource.DefaultResourcePackBuilder/]: Assets URL 'union:/home/alexey/.gradle/caches/fabric-loom/minecraftMaven/net/minecraft/neoforge-21.1.187-minecraft-merged/1.21.1-loom.mappings.1_21_1.layered+hash.477322616-v2-neoforge-21.1.187/neoforge-21.1.187-minecraft-merged-1.21.1-loom.mappings.1_21_1.layered+hash.477322616-v2-neoforge-21.1.187.jar%23182!/assets/.mcassetsroot' uses unexpected schema
[15авг.2025 23:04:24.972] [Render thread/WARN] [net.minecraft.resource.DefaultResourcePackBuilder/]: Assets URL 'union:/home/alexey/.gradle/caches/fabric-loom/minecraftMaven/net/minecraft/neoforge-21.1.187-minecraft-merged/1.21.1-loom.mappings.1_21_1.layered+hash.477322616-v2-neoforge-21.1.187/neoforge-21.1.187-minecraft-merged-1.21.1-loom.mappings.1_21_1.layered+hash.477322616-v2-neoforge-21.1.187.jar%23182!/data/.mcassetsroot' uses unexpected schema
[15авг.2025 23:04:24.984] [Render thread/INFO] [com.mojang.authlib.yggdrasil.YggdrasilAuthenticationService/]: Environment: Environment[sessionHost=https://sessionserver.mojang.com, servicesHost=https://api.minecraftservices.com, name=PROD]
[15авг.2025 23:04:24.990] [Render thread/INFO] [net.minecraft.client.MinecraftClient/]: Setting user: Dev
[15авг.2025 23:04:25.034] [Render thread/INFO] [net.minecraft.client.MinecraftClient/]: Backend library: LWJGL version 3.3.3+5
[15авг.2025 23:04:25.134] [modloading-worker-0/INFO] [net.neoforged.neoforge.common.NeoForgeMod/NEOFORGE-MOD]: NeoForge mod loading, version 21.1.187, for MC 1.21.1
[15авг.2025 23:04:25.592] [Render thread/INFO] [net.neoforged.neoforge.gametest.GameTestHooks/]: Enabled Gametest Namespaces: []
[15авг.2025 23:04:25.662] [Render thread/INFO] [net.minecraft.resource.ReloadableResourceManagerImpl/]: Reloading ResourceManager: vanilla, mod_resources, mod/generated_ac41dfa, mod/neoforge, mod/roadarchitect
[15авг.2025 23:04:25.738] [Worker-Main-4/INFO] [net.minecraft.client.font.UnihexFont/]: Found unifont_all_no_pua-15.1.05.hex, loading
[15авг.2025 23:04:25.801] [Worker-Main-1/INFO] [net.minecraft.client.font.UnihexFont/]: Found unifont_jp_patch-15.1.05.hex, loading
[15авг.2025 23:04:26.454] [Render thread/WARN] [net.minecraft.client.sound.SoundSystem/]: Missing sound for event: minecraft:item.goat_horn.play
[15авг.2025 23:04:26.455] [Render thread/WARN] [net.minecraft.client.sound.SoundSystem/]: Missing sound for event: minecraft:entity.goat.screaming.horn_break
[15авг.2025 23:04:26.480] [Render thread/INFO] [net.minecraft.client.sound.SoundEngine/]: OpenAL initialized on device HDA NVidia Digital Stereo (HDMI 2)
[15авг.2025 23:04:26.481] [Render thread/INFO] [net.minecraft.client.sound.SoundSystem/SOUNDS]: Sound engine started
[15авг.2025 23:04:26.555] [Render thread/INFO] [net.minecraft.client.texture.SpriteAtlasTexture/]: Created: 1024x512x4 minecraft:textures/atlas/blocks.png-atlas
[15авг.2025 23:04:26.560] [Render thread/INFO] [net.minecraft.client.texture.SpriteAtlasTexture/]: Created: 256x256x4 minecraft:textures/atlas/signs.png-atlas
[15авг.2025 23:04:26.561] [Render thread/INFO] [net.minecraft.client.texture.SpriteAtlasTexture/]: Created: 512x512x4 minecraft:textures/atlas/banner_patterns.png-atlas
[15авг.2025 23:04:26.561] [Render thread/INFO] [net.minecraft.client.texture.SpriteAtlasTexture/]: Created: 512x512x4 minecraft:textures/atlas/shield_patterns.png-atlas
[15авг.2025 23:04:26.561] [Render thread/INFO] [net.minecraft.client.texture.SpriteAtlasTexture/]: Created: 1024x1024x4 minecraft:textures/atlas/armor_trims.png-atlas
[15авг.2025 23:04:26.563] [Render thread/INFO] [net.minecraft.client.texture.SpriteAtlasTexture/]: Created: 128x64x4 minecraft:textures/atlas/decorated_pot.png-atlas
[15авг.2025 23:04:26.564] [Render thread/INFO] [net.minecraft.client.texture.SpriteAtlasTexture/]: Created: 256x256x4 minecraft:textures/atlas/chest.png-atlas
[15авг.2025 23:04:26.564] [Render thread/INFO] [net.minecraft.client.texture.SpriteAtlasTexture/]: Created: 512x256x4 minecraft:textures/atlas/shulker_boxes.png-atlas
[15авг.2025 23:04:26.564] [Render thread/INFO] [net.minecraft.client.texture.SpriteAtlasTexture/]: Created: 512x256x4 minecraft:textures/atlas/beds.png-atlas
[15авг.2025 23:04:26.662] [Render thread/INFO] [net.minecraft.client.texture.SpriteAtlasTexture/]: Created: 512x256x0 minecraft:textures/atlas/particles.png-atlas
[15авг.2025 23:04:26.663] [Render thread/INFO] [net.minecraft.client.texture.SpriteAtlasTexture/]: Created: 512x256x0 minecraft:textures/atlas/paintings.png-atlas
[15авг.2025 23:04:26.663] [Render thread/INFO] [net.minecraft.client.texture.SpriteAtlasTexture/]: Created: 256x128x0 minecraft:textures/atlas/mob_effects.png-atlas
[15авг.2025 23:04:26.663] [Render thread/INFO] [net.minecraft.client.texture.SpriteAtlasTexture/]: Created: 64x64x0 minecraft:textures/atlas/map_decorations.png-atlas
[15авг.2025 23:04:26.663] [Render thread/INFO] [net.minecraft.client.texture.SpriteAtlasTexture/]: Created: 1024x512x0 minecraft:textures/atlas/gui.png-atlas
[15авг.2025 23:04:26.677] [Render thread/WARN] [net.minecraft.client.gl.ShaderProgram/]: Shader rendertype_entity_translucent_emissive could not find sampler named Sampler2 in the specified shader program.
[15авг.2025 23:04:26.706] [Render thread/INFO] [net.neoforged.neoforge.client.entity.animation.json.AnimationLoader/]: Loaded 0 entity animations
[15авг.2025 23:04:48.441] [Render thread/INFO] [net.minecraft.client.MinecraftClient/]: Stopping!
